TN:s21_string_test
SF:/Users/navigato/s21_string+/C2_s21_stringplus-0/src/C2_s21_stringplus-0/src/s21_string.c
FN:5,s21_strcmp
FNDA:6,s21_strcmp
FN:11,s21_strncmp
FNDA:11,s21_strncmp
FN:26,s21_strcpy
FNDA:9,s21_strcpy
FN:38,s21_strncpy
FNDA:9,s21_strncpy
FNF:4
FNH:4
DA:5,6
DA:6,18
DA:7,12
DA:8,6
DA:11,11
DA:12,11
DA:13,11
DA:15,35
DA:16,33
DA:17,24
DA:18,24
DA:20,9
DA:23,2
DA:26,9
DA:27,9
DA:29,32
DA:30,23
DA:31,23
DA:32,23
DA:34,9
DA:35,9
DA:38,9
DA:39,9
DA:40,9
DA:41,19
DA:43,9
LF:26
LH:26
end_of_record
TN:s21_string_test
SF:/Users/navigato/s21_string+/C2_s21_stringplus-0/src/C2_s21_stringplus-0/src/s21_string_test.check
FN:6,strcmp1_fn
FNDA:1,strcmp1_fn
FN:27,strncmp1_fn
FNDA:1,strncmp1_fn
FN:50,strcpy1_fn
FNDA:1,strcpy1_fn
FN:74,strncpy1_fn
FNDA:1,strncpy1_fn
FN:98,main
FNDA:5,main
FNF:5
FNH:5
DA:6,1
DA:7,1
DA:8,1
DA:9,1
DA:10,1
DA:11,1
DA:12,1
DA:13,1
DA:14,1
DA:15,1
DA:17,1
DA:18,1
DA:19,1
DA:20,1
DA:21,1
DA:22,1
DA:24,1
DA:25,1
DA:26,1
DA:27,1
DA:28,1
DA:29,1
DA:30,1
DA:31,1
DA:32,1
DA:33,1
DA:35,1
DA:36,1
DA:37,1
DA:38,1
DA:39,1
DA:40,1
DA:41,1
DA:42,1
DA:43,1
DA:44,1
DA:45,1
DA:47,1
DA:48,1
DA:49,1
DA:50,1
DA:51,1
DA:52,1
DA:53,1
DA:54,1
DA:55,1
DA:56,1
DA:57,1
DA:58,1
DA:59,1
DA:61,1
DA:62,1
DA:63,1
DA:64,1
DA:65,1
DA:66,1
DA:67,1
DA:68,1
DA:69,1
DA:71,1
DA:72,1
DA:73,1
DA:74,1
DA:75,1
DA:76,1
DA:77,1
DA:78,1
DA:79,1
DA:80,1
DA:81,1
DA:82,1
DA:83,1
DA:85,1
DA:86,1
DA:87,1
DA:88,1
DA:89,1
DA:90,1
DA:91,1
DA:92,1
DA:93,1
DA:95,1
DA:98,5
DA:100,5
DA:101,5
DA:102,5
DA:105,5
DA:106,5
DA:107,5
DA:108,5
DA:109,5
DA:111,5
DA:112,1
DA:113,1
DA:115,1
LF:95
LH:95
end_of_record
